TN:
SF:mocks/BvbERC20.sol
FN:9,BvbERC20.mint
FNDA:0,BvbERC20.mint
DA:10,0
FNF:1
FNH:0
LF:1
LH:0
BRF:0
BRH:0
end_of_record
TN:
SF:mocks/BvbERC721.sol
FN:9,BvbERC721.mint
FNDA:260,BvbERC721.mint
DA:10,260
FN:13,BvbERC721.tokenURI
FNDA:0,BvbERC721.tokenURI
DA:14,0
FNF:2
FNH:1
LF:2
LH:1
BRF:0
BRH:0
end_of_record
TN:
SF:mocks/BvbMaliciousBull.sol
FN:19,BvbMaliciousBull.onERC721Received
FNDA:5,BvbMaliciousBull.onERC721Received
DA:25,5
BRDA:25,0,0,3
BRDA:25,0,1,2
DA:27,3
DA:29,2
FN:32,BvbMaliciousBull.setShouldBlockTransfer
FNDA:2,BvbMaliciousBull.setShouldBlockTransfer
DA:33,2
FNF:2
FNH:2
LF:4
LH:4
BRF:2
BRH:2
end_of_record
TN:
SF:script/Base.s.sol
FN:30,Base.signOrderHash
FNDA:0,Base.signOrderHash
DA:31,0
DA:32,0
FN:35,Base.defaultOrder
FNDA:0,Base.defaultOrder
DA:36,0
FNF:2
FNH:0
LF:3
LH:0
BRF:0
BRH:0
end_of_record
TN:
SF:script/BvbProtocol.s.sol
FN:11,DeployBvb.run
FNDA:0,DeployBvb.run
DA:12,0
DA:14,0
DA:16,0
DA:17,0
DA:19,0
FNF:1
FNH:0
LF:5
LH:0
BRF:0
BRH:0
end_of_record
TN:
SF:script/Cancel.s.sol
FN:15,Cancel.run
FNDA:0,Cancel.run
DA:16,0
DA:17,0
DA:19,0
DA:21,0
DA:23,0
DA:24,0
DA:26,0
DA:27,0
FNF:1
FNH:0
LF:8
LH:0
BRF:0
BRH:0
end_of_record
TN:
SF:script/MatchOrder.s.sol
FN:15,MatchOrder.run
FNDA:0,MatchOrder.run
DA:16,0
DA:17,0
DA:20,0
DA:21,0
DA:22,0
DA:23,0
DA:26,0
DA:27,0
DA:28,0
DA:29,0
DA:31,0
DA:33,0
DA:34,0
DA:35,0
DA:37,0
DA:38,0
DA:40,0
DA:41,0
FNF:1
FNH:0
LF:18
LH:0
BRF:0
BRH:0
end_of_record
TN:
SF:script/Owner.s.sol
FN:15,Owner.run
FNDA:0,Owner.run
DA:16,0
DA:18,0
DA:20,0
DA:21,0
DA:23,0
DA:24,0
DA:25,0
DA:26,0
DA:28,0
FNF:1
FNH:0
LF:9
LH:0
BRF:0
BRH:0
end_of_record
TN:
SF:script/ReclaimContract.s.sol
FN:19,ReclaimContract.run
FNDA:0,ReclaimContract.run
DA:20,0
DA:21,0
DA:23,0
DA:27,0
DA:28,0
FNF:1
FNH:0
LF:5
LH:0
BRF:0
BRH:0
end_of_record
TN:
SF:script/SettleContract.s.sol
FN:17,SettleContract.run
FNDA:0,SettleContract.run
DA:18,0
DA:19,0
DA:22,0
DA:23,0
DA:24,0
DA:25,0
DA:28,0
DA:29,0
DA:30,0
DA:31,0
DA:33,0
DA:35,0
DA:36,0
DA:37,0
DA:39,0
DA:40,0
DA:43,0
DA:44,0
DA:47,0
DA:49,0
DA:50,0
DA:51,0
DA:52,0
DA:54,0
DA:55,0
DA:57,0
DA:59,0
DA:61,0
DA:63,0
FNF:1
FNH:0
LF:29
LH:0
BRF:0
BRH:0
end_of_record
TN:
SF:script/testnet/BvbProtocol.s.sol
FN:11,DeployBvbTestnet.run
FNDA:0,DeployBvbTestnet.run
DA:12,0
DA:14,0
DA:16,0
FNF:1
FNH:0
LF:3
LH:0
BRF:0
BRH:0
end_of_record
TN:
SF:script/testnet/Owner.s.sol
FN:9,AllowBvbTestnet.run
FNDA:0,AllowBvbTestnet.run
DA:10,0
DA:12,0
DA:15,0
DA:16,0
DA:18,0
FNF:1
FNH:0
LF:5
LH:0
BRF:0
BRH:0
end_of_record
TN:
SF:src/BvbProtocol.sol
FN:306,BvbProtocol.matchOrder
FNDA:567,BvbProtocol.matchOrder
DA:307,575
DA:310,575
DA:313,575
DA:316,575
DA:317,575
DA:318,575
BRDA:318,0,0,575
BRDA:318,0,1,575
DA:319,575
DA:320,575
DA:322,575
DA:325,575
DA:326,575
DA:327,575
DA:328,575
DA:330,575
BRDA:330,1,0,59
BRDA:330,1,1,516
DA:331,59
DA:332,59
DA:334,59
DA:335,59
DA:337,516
DA:338,516
DA:340,516
DA:341,516
DA:344,575
DA:345,575
DA:348,575
BRDA:348,2,0,-
BRDA:348,2,1,2
DA:349,4
BRDA:349,3,0,1
BRDA:349,3,1,3
DA:350,3
BRDA:350,4,0,1
BRDA:350,4,1,2
DA:352,2
DA:353,571
BRDA:353,5,0,551
BRDA:353,5,1,571
DA:354,551
DA:357,573
BRDA:357,6,0,551
BRDA:357,6,1,573
DA:358,551
DA:362,573
DA:364,573
DA:366,573
FN:374,BvbProtocol.settleContract
FNDA:269,BvbProtocol.settleContract
DA:375,271
DA:378,271
DA:380,271
DA:383,271
BRDA:383,7,0,1
BRDA:383,7,1,270
DA:386,270
BRDA:386,8,0,1
BRDA:386,8,1,269
DA:389,269
BRDA:389,9,0,1
BRDA:389,9,1,268
DA:391,268
DA:394,268
DA:402,268
DA:403,268
BRDA:403,10,0,268
BRDA:403,10,1,268
DA:405,268
DA:408,268
DA:410,268
FN:417,BvbProtocol.reclaimContract
FNDA:265,BvbProtocol.reclaimContract
DA:418,267
DA:421,267
DA:423,267
DA:426,267
BRDA:426,11,0,1
BRDA:426,11,1,266
DA:429,266
BRDA:429,12,0,1
BRDA:429,12,1,265
DA:432,265
BRDA:432,13,0,1
BRDA:432,13,1,264
DA:434,264
DA:435,264
BRDA:435,14,0,263
BRDA:435,14,1,264
DA:437,263
DA:440,264
DA:442,264
FN:450,BvbProtocol.withdrawToken
FNDA:2,BvbProtocol.withdrawToken
DA:451,2
DA:453,2
DA:456,2
DA:459,2
DA:461,2
FN:470,BvbProtocol.buyPosition
FNDA:13,BvbProtocol.buyPosition
DA:471,13
DA:473,13
DA:476,13
DA:479,13
DA:482,13
DA:485,13
DA:488,13
BRDA:488,15,0,1
BRDA:488,15,1,12
DA:490,12
BRDA:490,16,0,-
BRDA:490,16,1,2
DA:492,4
BRDA:492,17,0,1
BRDA:492,17,1,3
DA:493,3
BRDA:493,18,0,1
BRDA:493,18,1,2
DA:495,2
DA:496,2
DA:497,8
BRDA:497,19,0,8
BRDA:497,19,1,8
DA:498,8
DA:501,10
BRDA:501,20,0,9
BRDA:501,20,1,1
DA:502,9
DA:504,1
DA:508,10
DA:510,10
DA:512,10
FN:521,BvbProtocol.transferPosition
FNDA:8,BvbProtocol.transferPosition
DA:523,8
DA:525,8
BRDA:525,21,0,1
BRDA:525,21,1,5
DA:527,6
BRDA:527,22,0,1
BRDA:527,22,1,5
DA:529,5
DA:532,2
BRDA:532,23,0,1
BRDA:532,23,1,1
DA:534,1
DA:537,6
FN:546,BvbProtocol.batchMatchOrders
FNDA:5,BvbProtocol.batchMatchOrders
DA:547,5
BRDA:547,24,0,1
BRDA:547,24,1,4
DA:549,4
DA:551,4
DA:552,8
DA:555,4
FN:563,BvbProtocol.batchSettleContracts
FNDA:2,BvbProtocol.batchSettleContracts
DA:564,2
BRDA:564,25,0,1
BRDA:564,25,1,1
DA:566,1
DA:567,2
FN:575,BvbProtocol.batchReclaimContracts
FNDA:1,BvbProtocol.batchReclaimContracts
DA:576,1
DA:577,2
FN:585,BvbProtocol.cancelOrder
FNDA:7,BvbProtocol.cancelOrder
DA:586,7
BRDA:586,26,0,1
BRDA:586,26,1,6
DA:588,6
DA:590,6
BRDA:590,27,0,1
BRDA:590,27,1,5
DA:592,5
BRDA:592,28,0,1
BRDA:592,28,1,4
DA:594,4
DA:596,4
FN:603,BvbProtocol.cancelSellOrder
FNDA:7,BvbProtocol.cancelSellOrder
DA:604,7
BRDA:604,29,0,1
BRDA:604,29,1,6
DA:606,6
DA:608,6
BRDA:608,30,0,1
BRDA:608,30,1,5
DA:610,5
BRDA:610,31,0,1
BRDA:610,31,1,4
DA:612,4
DA:614,4
FN:621,BvbProtocol.setMinimumValidNonce
FNDA:5,BvbProtocol.setMinimumValidNonce
DA:622,5
BRDA:622,32,0,1
BRDA:622,32,1,4
DA:624,4
DA:626,4
FN:633,BvbProtocol.setMinimumValidNonceSell
FNDA:5,BvbProtocol.setMinimumValidNonceSell
DA:634,5
BRDA:634,33,0,1
BRDA:634,33,1,4
DA:636,4
DA:638,4
FN:648,BvbProtocol.hashOrder
FNDA:640,BvbProtocol.hashOrder
DA:649,1759
DA:665,1759
FN:673,BvbProtocol.hashSellOrder
FNDA:38,BvbProtocol.hashSellOrder
DA:674,57
DA:689,57
FN:699,BvbProtocol.isValidSignature
FNDA:2,BvbProtocol.isValidSignature
DA:700,610
FN:707,BvbProtocol.domainSeparatorV4
FNDA:3,BvbProtocol.domainSeparatorV4
DA:708,3
FN:719,BvbProtocol.isWhitelisted
FNDA:2,BvbProtocol.isWhitelisted
DA:720,4
DA:721,9
BRDA:721,34,0,2
BRDA:721,34,1,7
DA:722,2
DA:725,2
FN:734,BvbProtocol.checkIsValidOrder
FNDA:9,BvbProtocol.checkIsValidOrder
DA:736,584
BRDA:736,35,0,1
BRDA:736,35,1,583
DA:739,583
BRDA:739,36,0,1
BRDA:739,36,1,582
DA:742,582
BRDA:742,37,0,1
BRDA:742,37,1,581
DA:745,581
BRDA:745,38,0,1
BRDA:745,38,1,580
DA:748,580
BRDA:748,39,0,1
BRDA:748,39,1,579
DA:751,579
BRDA:751,40,0,1
BRDA:751,40,1,578
DA:754,578
BRDA:754,41,0,1
BRDA:754,41,1,577
DA:757,577
BRDA:757,42,0,1
BRDA:757,42,1,576
DA:760,576
BRDA:760,43,0,1
BRDA:760,43,1,575
FN:771,BvbProtocol.checkIsValidSellOrder
FNDA:11,BvbProtocol.checkIsValidSellOrder
DA:773,24
DA:776,24
BRDA:776,44,0,-
BRDA:776,44,1,24
DA:778,24
BRDA:778,45,0,1
BRDA:778,45,1,19
DA:780,21
BRDA:780,46,0,1
BRDA:780,46,1,20
DA:783,20
BRDA:783,47,0,1
BRDA:783,47,1,19
DA:786,3
BRDA:786,48,0,1
BRDA:786,48,1,2
DA:789,2
BRDA:789,49,0,1
BRDA:789,49,1,1
DA:793,20
BRDA:793,50,0,1
BRDA:793,50,1,19
DA:796,19
BRDA:796,51,0,1
BRDA:796,51,1,18
DA:799,18
BRDA:799,52,0,1
BRDA:799,52,1,17
DA:802,17
BRDA:802,53,0,1
BRDA:802,53,1,16
DA:805,16
BRDA:805,54,0,1
BRDA:805,54,1,15
DA:808,15
BRDA:808,55,0,1
BRDA:808,55,1,14
DA:811,14
BRDA:811,56,0,1
BRDA:811,56,1,13
FN:821,BvbProtocol.setAllowedCollection
FNDA:4,BvbProtocol.setAllowedCollection
DA:822,3
DA:824,3
FN:832,BvbProtocol.setAllowedAsset
FNDA:7,BvbProtocol.setAllowedAsset
DA:833,6
DA:835,6
FN:842,BvbProtocol.setFee
FNDA:5,BvbProtocol.setFee
DA:844,4
BRDA:844,57,0,1
BRDA:844,57,1,3
DA:846,3
DA:848,3
FN:856,BvbProtocol.withdrawFees
FNDA:3,BvbProtocol.withdrawFees
DA:857,2
DA:859,2
DA:861,2
DA:863,2
FNF:24
FNH:24
LF:163
LH:163
BRF:116
BRH:113
end_of_record
TN:
SF:test/Base.t.sol
FN:47,Base.signOrder
FNDA:0,Base.signOrder
DA:48,0
DA:49,0
DA:50,0
FN:53,Base.signSellOrder
FNDA:0,Base.signSellOrder
DA:54,0
DA:55,0
DA:56,0
FN:59,Base.signOrderHash
FNDA:0,Base.signOrderHash
DA:60,0
DA:61,0
FN:64,Base.signHash
FNDA:0,Base.signHash
DA:65,0
DA:66,0
FN:69,Base.defaultOrder
FNDA:0,Base.defaultOrder
DA:70,0
FN:84,Base.defaultSellOrder
FNDA:0,Base.defaultSellOrder
DA:85,0
FNF:6
FNH:0
LF:12
LH:0
BRF:0
BRH:0
end_of_record
